{
  "RSpec": {
    "coverage": {
      "/Users/gregjflaherty/Desktop/nameless-butterfly-2816 copy/config/environment.rb": {
        "lines": [
          null,
          1,
          null,
          null,
          1
        ]
      },
      "/Users/gregjflaherty/Desktop/nameless-butterfly-2816 copy/config/application.rb": {
        "lines": [
          1,
          null,
          1,
          null,
          1,
          1,
          1,
          1,
          1,
          1,
          1,
          1,
          1,
          null,
          null,
          null,
          null,
          1,
          null,
          1,
          1,
          null,
          1,
          null,
          null,
          null,
          null,
          null,
          null,
          null,
          1,
          null,
          null
        ]
      },
      "/Users/gregjflaherty/Desktop/nameless-butterfly-2816 copy/config/boot.rb": {
        "lines": [
          1,
          null,
          1
        ]
      },
      "/Users/gregjflaherty/Desktop/nameless-butterfly-2816 copy/config/environments/test.rb": {
        "lines": [
          1,
          null,
          null,
          null,
          null,
          null,
          null,
          1,
          null,
          null,
          null,
          null,
          1,
          null,
          null,
          1,
          1,
          null,
          null,
          null,
          null,
          1,
          1,
          null,
          null,
          1,
          null,
          null,
          1,
          null,
          null,
          1,
          null,
          1,
          null,
          null,
          null,
          null,
          1,
          null,
          null,
          1,
          null,
          null,
          null,
          null
        ]
      },
      "/Users/gregjflaherty/Desktop/nameless-butterfly-2816 copy/config/initializers/application_controller_renderer.rb": {
        "lines": [
          null,
          null,
          null,
          null,
          null,
          null,
          null,
          null
        ]
      },
      "/Users/gregjflaherty/Desktop/nameless-butterfly-2816 copy/config/initializers/assets.rb": {
        "lines": [
          null,
          null,
          null,
          1,
          null,
          null,
          null,
          null,
          1,
          null,
          null,
          null,
          null,
          null
        ]
      },
      "/Users/gregjflaherty/Desktop/nameless-butterfly-2816 copy/config/initializers/backtrace_silencers.rb": {
        "lines": [
          null,
          null,
          null,
          null,
          null,
          null,
          null
        ]
      },
      "/Users/gregjflaherty/Desktop/nameless-butterfly-2816 copy/config/initializers/content_security_policy.rb": {
        "lines": [
          null,
          null,
          null,
          null,
          null,
          null,
          null,
          null,
          null,
          null,
          null,
          null,
          null,
          null,
          null,
          null,
          null,
          null,
          null,
          null,
          null,
          null,
          null,
          null,
          null
        ]
      },
      "/Users/gregjflaherty/Desktop/nameless-butterfly-2816 copy/config/initializers/cookies_serializer.rb": {
        "lines": [
          null,
          null,
          null,
          null,
          1
        ]
      },
      "/Users/gregjflaherty/Desktop/nameless-butterfly-2816 copy/config/initializers/filter_parameter_logging.rb": {
        "lines": [
          null,
          null,
          null,
          1
        ]
      },
      "/Users/gregjflaherty/Desktop/nameless-butterfly-2816 copy/config/initializers/inflections.rb": {
        "lines": [
          null,
          null,
          null,
          null,
          null,
          null,
          null,
          null,
          null,
          null,
          null,
          null,
          null,
          null,
          null,
          null
        ]
      },
      "/Users/gregjflaherty/Desktop/nameless-butterfly-2816 copy/config/initializers/mime_types.rb": {
        "lines": [
          null,
          null,
          null,
          null
        ]
      },
      "/Users/gregjflaherty/Desktop/nameless-butterfly-2816 copy/config/initializers/wrap_parameters.rb": {
        "lines": [
          null,
          null,
          null,
          null,
          null,
          null,
          1,
          2,
          null,
          null,
          null,
          null,
          null,
          null
        ]
      },
      "/Users/gregjflaherty/Desktop/nameless-butterfly-2816 copy/config/routes.rb": {
        "lines": [
          1,
          null,
          1,
          null,
          1,
          null,
          1,
          1,
          null
        ]
      },
      "/Users/gregjflaherty/Desktop/nameless-butterfly-2816 copy/app/helpers/application_helper.rb": {
        "lines": [
          1,
          null
        ]
      },
      "/Users/gregjflaherty/Desktop/nameless-butterfly-2816 copy/spec/features/movie_actors/new_spec.rb": {
        "lines": [
          1,
          null,
          1,
          1,
          1,
          2,
          null,
          2,
          null,
          2,
          2,
          2,
          2,
          null,
          2,
          2,
          2,
          null,
          2,
          null,
          null,
          null,
          1,
          1,
          null,
          1,
          1,
          null,
          null,
          1,
          1,
          null,
          1,
          1,
          1,
          null,
          1,
          null,
          null,
          null
        ]
      },
      "/Users/gregjflaherty/Desktop/nameless-butterfly-2816 copy/spec/features/movie_actors/show_spec.rb": {
        "lines": [
          1,
          null,
          1,
          1,
          3,
          3,
          null,
          3,
          3,
          3,
          3,
          null,
          3,
          3,
          3,
          null,
          3,
          3,
          3,
          3,
          3,
          3,
          null,
          3,
          null,
          null,
          1,
          1,
          null,
          1,
          1,
          1,
          null,
          null,
          1,
          1,
          null,
          1,
          1,
          null,
          null,
          1,
          1,
          null,
          null,
          1,
          1,
          null,
          null,
          null,
          1,
          1,
          null,
          1,
          null,
          null
        ]
      },
      "/Users/gregjflaherty/Desktop/nameless-butterfly-2816 copy/spec/features/studio/index_spec.rb": {
        "lines": [
          1,
          null,
          1,
          1,
          2,
          2,
          2,
          2,
          2,
          2,
          null,
          2,
          null,
          null,
          1,
          1,
          null,
          1,
          1,
          1,
          null,
          null,
          null,
          1,
          1,
          1,
          null,
          null,
          null,
          1,
          1,
          null,
          1,
          1,
          1,
          1,
          1,
          null,
          null,
          null,
          1,
          1,
          1,
          1,
          1,
          null,
          null,
          null
        ]
      },
      "/Users/gregjflaherty/Desktop/nameless-butterfly-2816 copy/spec/models/actor_spec.rb": {
        "lines": [
          1,
          null,
          1,
          1,
          2,
          2,
          null,
          null,
          1,
          5,
          5,
          5,
          null,
          null,
          1,
          1,
          1,
          1,
          1,
          null,
          null,
          null,
          1,
          1,
          1,
          null,
          null,
          null,
          null,
          1,
          1,
          1,
          1,
          null,
          1,
          1,
          null,
          1,
          1,
          1,
          1,
          null,
          1,
          1,
          1,
          1,
          1,
          null,
          null,
          1,
          1,
          1,
          null,
          null,
          null,
          null
        ]
      },
      "/Users/gregjflaherty/Desktop/nameless-butterfly-2816 copy/app/models/actor.rb": {
        "lines": [
          1,
          1,
          1,
          null,
          1,
          7,
          null,
          null,
          1,
          7,
          null,
          null,
          1,
          3,
          null,
          null,
          null,
          null
        ]
      },
      "/Users/gregjflaherty/Desktop/nameless-butterfly-2816 copy/app/models/application_record.rb": {
        "lines": [
          1,
          1,
          null
        ]
      },
      "/Users/gregjflaherty/Desktop/nameless-butterfly-2816 copy/spec/models/movie_actor_spec.rb": {
        "lines": [
          1,
          null,
          1,
          1,
          2,
          2,
          null,
          null,
          1,
          1,
          1,
          1,
          null,
          1,
          null,
          1,
          1,
          1,
          1,
          null,
          1,
          1,
          1,
          null,
          null,
          1,
          1,
          1,
          1,
          1,
          null,
          1,
          1,
          1,
          1,
          1,
          1,
          null,
          null,
          null,
          null
        ]
      },
      "/Users/gregjflaherty/Desktop/nameless-butterfly-2816 copy/app/models/movie_actor.rb": {
        "lines": [
          1,
          1,
          1,
          null,
          1,
          2,
          2,
          2,
          null,
          null
        ]
      },
      "/Users/gregjflaherty/Desktop/nameless-butterfly-2816 copy/spec/models/movie_spec.rb": {
        "lines": [
          1,
          null,
          1,
          1,
          2,
          2,
          2,
          null,
          null
        ]
      },
      "/Users/gregjflaherty/Desktop/nameless-butterfly-2816 copy/app/models/movie.rb": {
        "lines": [
          1,
          1,
          1,
          1,
          null
        ]
      },
      "/Users/gregjflaherty/Desktop/nameless-butterfly-2816 copy/spec/models/studio_spec.rb": {
        "lines": [
          1,
          null,
          1,
          1,
          2,
          null,
          null
        ]
      },
      "/Users/gregjflaherty/Desktop/nameless-butterfly-2816 copy/app/models/studio.rb": {
        "lines": [
          1,
          1,
          null
        ]
      },
      "/Users/gregjflaherty/Desktop/nameless-butterfly-2816 copy/app/controllers/actors_controller.rb": {
        "lines": [
          1,
          1,
          2,
          null,
          null
        ]
      },
      "/Users/gregjflaherty/Desktop/nameless-butterfly-2816 copy/app/controllers/application_controller.rb": {
        "lines": [
          1,
          null
        ]
      },
      "/Users/gregjflaherty/Desktop/nameless-butterfly-2816 copy/app/controllers/movie_actors_controller.rb": {
        "lines": [
          1,
          1,
          6,
          6,
          null,
          null,
          1,
          1,
          1,
          null,
          null
        ]
      },
      "/Users/gregjflaherty/Desktop/nameless-butterfly-2816 copy/app/controllers/studios_controller.rb": {
        "lines": [
          1,
          1,
          2,
          null,
          null
        ]
      }
    },
    "timestamp": 1645570291
  }
}
